{
  "RSpec": {
    "coverage": {
      "/Users/omarquesjr/Documentos/CAMAAR-GP1/app/models/user.rb": {
        "lines": [
          1,
          null,
          null,
          1,
          null,
          null,
          1,
          null,
          null,
          1,
          1,
          null,
          null,
          1,
          null,
          null,
          1,
          null
        ]
      },
      "/Users/omarquesjr/Documentos/CAMAAR-GP1/app/models/application_record.rb": {
        "lines": [
          1,
          1,
          null
        ]
      },
      "/Users/omarquesjr/Documentos/CAMAAR-GP1/app/controllers/application_controller.rb": {
        "lines": [
          1,
          1,
          1,
          null,
          1,
          null,
          null,
          1,
          4,
          null,
          1,
          null,
          1,
          null,
          1,
          null,
          1,
          null,
          null,
          null,
          null,
          1,
          1,
          null,
          null,
          null,
          1,
          1,
          1,
          null,
          null
        ]
      },
      "/Users/omarquesjr/Documentos/CAMAAR-GP1/app/controllers/formularios_controller.rb": {
        "lines": [
          1,
          1,
          1,
          1,
          1,
          null,
          1,
          3,
          1,
          null,
          1,
          null,
          null,
          null,
          2,
          null,
          2,
          null,
          null,
          0,
          null,
          null,
          null,
          1,
          2,
          2,
          null,
          2,
          null,
          null,
          1,
          2,
          1,
          null,
          1,
          null,
          null,
          null,
          1,
          1,
          1,
          1,
          null,
          1,
          3,
          null,
          1,
          null,
          1,
          1,
          2,
          null,
          1,
          null,
          null,
          null,
          1,
          null,
          null,
          null,
          1,
          1,
          1,
          1,
          null,
          null,
          1,
          2,
          2,
          null,
          2,
          1,
          null,
          1,
          1,
          1,
          1,
          null,
          null,
          null,
          1,
          null,
          null,
          1,
          1,
          1,
          null,
          1,
          2,
          2,
          null,
          null,
          null,
          1,
          null,
          null,
          1,
          null,
          1,
          5,
          null,
          null,
          1,
          2,
          null,
          null,
          1,
          7,
          2,
          null,
          null,
          null
        ]
      },
      "/Users/omarquesjr/Documentos/CAMAAR-GP1/app/controllers/home_controller.rb": {
        "lines": [
          1,
          1,
          null,
          null
        ]
      },
      "/Users/omarquesjr/Documentos/CAMAAR-GP1/app/controllers/respostas_controller.rb": {
        "lines": [
          1,
          1,
          null,
          1,
          5,
          null,
          5,
          1,
          1,
          null,
          null,
          4,
          null,
          3,
          3,
          null,
          3,
          6,
          6,
          1,
          null,
          null,
          null,
          3,
          1,
          1,
          null,
          null,
          2,
          5,
          null,
          null,
          null,
          null,
          null,
          null,
          null,
          2,
          null,
          null
        ]
      },
      "/Users/omarquesjr/Documentos/CAMAAR-GP1/app/controllers/sigaa_import_controller.rb": {
        "lines": [
          1,
          1,
          1,
          null,
          1,
          null,
          1,
          3,
          3,
          null,
          3,
          1,
          1,
          null,
          null,
          2,
          1,
          null,
          1,
          1,
          2,
          null,
          1,
          1,
          1,
          null,
          null,
          null,
          null,
          null,
          null,
          1,
          null,
          null,
          1,
          null,
          null,
          null,
          0,
          0,
          null,
          null,
          1,
          1,
          1,
          null,
          null,
          null,
          null,
          null,
          null,
          1,
          null,
          null,
          1,
          null,
          null,
          null,
          null,
          1,
          null,
          1,
          null,
          null,
          1,
          null,
          1,
          6,
          1,
          null,
          null,
          null
        ]
      },
      "/Users/omarquesjr/Documentos/CAMAAR-GP1/app/controllers/templates_controller.rb": {
        "lines": [
          1,
          1,
          1,
          1,
          1,
          null,
          1,
          1,
          null,
          null,
          1,
          1,
          null,
          null,
          1,
          1,
          null,
          null,
          1,
          2,
          null,
          2,
          2,
          1,
          null,
          1,
          null,
          null,
          null,
          1,
          1,
          null,
          null,
          1,
          2,
          null,
          2,
          1,
          null,
          1,
          null,
          null,
          null,
          1,
          0,
          0,
          null,
          null,
          1,
          null,
          1,
          9,
          null,
          null,
          1,
          4,
          null,
          null,
          1,
          3,
          0,
          null,
          null,
          null,
          1,
          4,
          null,
          null
        ]
      },
      "/Users/omarquesjr/Documentos/CAMAAR-GP1/app/controllers/turmas_alunos_controller.rb": {
        "lines": [
          1,
          1,
          null,
          1,
          2,
          2,
          null,
          2,
          1,
          1,
          null,
          1,
          null,
          null,
          2,
          null,
          null,
          1,
          1,
          1,
          1,
          null,
          1,
          1,
          2,
          null,
          null,
          null,
          1,
          null,
          1,
          3,
          null,
          null
        ]
      },
      "/Users/omarquesjr/Documentos/CAMAAR-GP1/app/controllers/turmas_controller.rb": {
        "lines": [
          1,
          1,
          1,
          null,
          null,
          1,
          1,
          1,
          null,
          0,
          null,
          null,
          null,
          null,
          1,
          4,
          null,
          4,
          null,
          4,
          null,
          null,
          4,
          1,
          1,
          null,
          null,
          null,
          1,
          null,
          null,
          4,
          4,
          4,
          null,
          null,
          null,
          null,
          null,
          null,
          null,
          null,
          1,
          1,
          null,
          null,
          null,
          1,
          null,
          null,
          null,
          1,
          2,
          null,
          2,
          2,
          2,
          1,
          1,
          null,
          2,
          1,
          1,
          null,
          null,
          null,
          null,
          null,
          1,
          2,
          2,
          2,
          1,
          null,
          2,
          1,
          null,
          null,
          null,
          null,
          null,
          1,
          2,
          null,
          1,
          2,
          1,
          null,
          null,
          null,
          1,
          2,
          2,
          null,
          2,
          null,
          null,
          null,
          1,
          null,
          1,
          9,
          null,
          null,
          null,
          1,
          null,
          4,
          null,
          null,
          null,
          null,
          null,
          null,
          null
        ]
      },
      "/Users/omarquesjr/Documentos/CAMAAR-GP1/app/controllers/users_controller.rb": {
        "lines": [
          1,
          null
        ]
      },
      "/Users/omarquesjr/Documentos/CAMAAR-GP1/app/models/controle_de_envio.rb": {
        "lines": [
          1,
          1,
          1,
          null
        ]
      },
      "/Users/omarquesjr/Documentos/CAMAAR-GP1/app/models/formulario.rb": {
        "lines": [
          null,
          1,
          1,
          1,
          1,
          null,
          1,
          1,
          null,
          1,
          null
        ]
      },
      "/Users/omarquesjr/Documentos/CAMAAR-GP1/app/models/resposta.rb": {
        "lines": [
          1,
          1,
          1,
          null,
          1,
          null,
          null
        ]
      },
      "/Users/omarquesjr/Documentos/CAMAAR-GP1/app/models/template.rb": {
        "lines": [
          1,
          1,
          1,
          null,
          1,
          null
        ]
      },
      "/Users/omarquesjr/Documentos/CAMAAR-GP1/app/models/turma.rb": {
        "lines": [
          1,
          null,
          1,
          null,
          null,
          1,
          1,
          null,
          null,
          1,
          null,
          1,
          null,
          1,
          2,
          null,
          null,
          1,
          2,
          null,
          null,
          1,
          2,
          null,
          null,
          null
        ]
      },
      "/Users/omarquesjr/Documentos/CAMAAR-GP1/app/models/turmas_aluno.rb": {
        "lines": [
          1,
          1,
          1,
          null
        ]
      }
    },
    "timestamp": 1753060138
  }
}
